<?xml version='1.0'?>
<ns2:test-suite xmlns:ns2='urn:model.allure.qatools.yandex.ru' start='1605664299754' stop='1605664299776'>
    <name>Featuring login: Login with a My Vodafone  user</name>
    <title>Featuring login: Login with a My Vodafone  user</title>
    <test-cases>
        <test-case start='1605664299755' status='passed' stop='1605664299759'>
            <name>Hook</name>
            <title>Hook</title>
            <labels>
                <label name='language' value='javascript'/>
                <label name='framework' value='wdio'/>
                <label name='thread' value='0-0'/>
            </labels>
            <parameters>
                <parameter kind='argument' name='browser' value='chrome-86.0.4240.193'/>
            </parameters>
            <steps/>
            <attachments/>
        </test-case>
        <test-case start='1605664299760' status='broken' stop='1605664299772'>
            <name>Given I am on the login page</name>
            <title>Given I am on the login page</title>
            <labels>
                <label name='language' value='javascript'/>
                <label name='framework' value='wdio'/>
                <label name='thread' value='0-0'/>
            </labels>
            <parameters>
                <parameter kind='argument' name='browser' value='chrome-86.0.4240.193'/>
            </parameters>
            <steps/>
            <attachments/>
            <failure>
                <message>Cannot read property 'open' of undefined</message>
                <stack-trace>TypeError: Cannot read property 'open' of undefined
                    at World.&lt;anonymous> (C:\Users\nerkarc\Documents\WDIO-App-Pom_Framework\src\step-definitions\loginStep.ts:69:13)
                    at World.executeAsync (C:\Users\nerkarc\Documents\WDIO-App-Pom_Framework\node_modules\@wdio\utils\build\shim.js:96:25)
                    at World.exports.testFrameworkFnWrapper (C:\Users\nerkarc\Documents\WDIO-App-Pom_Framework\node_modules\@wdio\utils\build\test-framework\testFnWrapper.js:18:32)</stack-trace>
            </failure>
        </test-case>
        <test-case start='1605664299773' status='broken' stop='1605664299773'>
            <name>When I Login in with My Vodafone user</name>
            <title>When I Login in with My Vodafone user</title>
            <labels>
                <label name='language' value='javascript'/>
                <label name='framework' value='wdio'/>
                <label name='thread' value='0-0'/>
            </labels>
            <parameters>
                <parameter kind='argument' name='browser' value='chrome-86.0.4240.193'/>
            </parameters>
            <steps/>
            <attachments/>
            <failure>
                <message>Step "When I Login in with My Vodafone user" is not definedYou can ignore this error by setting cucumberOpts.ignoreUndefinedDefinitions as true.</message>
                <stack-trace>undefined:undefined</stack-trace>
            </failure>
        </test-case>
        <test-case start='1605664299774' status='broken' stop='1605664299774'>
            <name>Then I shall be on My Vodafone Welcome Page</name>
            <title>Then I shall be on My Vodafone Welcome Page</title>
            <labels>
                <label name='language' value='javascript'/>
                <label name='framework' value='wdio'/>
                <label name='thread' value='0-0'/>
            </labels>
            <parameters>
                <parameter kind='argument' name='browser' value='chrome-86.0.4240.193'/>
            </parameters>
            <steps/>
            <attachments/>
            <failure>
                <message>Step "Then I shall be on My Vodafone Welcome Page" is not definedYou can ignore this error by setting cucumberOpts.ignoreUndefinedDefinitions as true.</message>
                <stack-trace>undefined:undefined</stack-trace>
            </failure>
        </test-case>
        <test-case start='1605664299774' status='passed' stop='1605664299775'>
            <name>Hook</name>
            <title>Hook</title>
            <labels>
                <label name='language' value='javascript'/>
                <label name='framework' value='wdio'/>
                <label name='thread' value='0-0'/>
            </labels>
            <parameters>
                <parameter kind='argument' name='browser' value='chrome-86.0.4240.193'/>
            </parameters>
            <steps/>
            <attachments/>
        </test-case>
    </test-cases>
</ns2:test-suite>