<?xml version='1.0'?>
<ns2:test-suite xmlns:ns2='urn:model.allure.qatools.yandex.ru' start='1605842037659' stop='1605842037716'>
    <name>Featuring login: Login Page</name>
    <title>Featuring login: Login Page</title>
    <test-cases>
        <test-case start='1605842037661' status='passed' stop='1605842037667'>
            <name>Hook</name>
            <title>Hook</title>
            <labels>
                <label name='language' value='javascript'/>
                <label name='framework' value='wdio'/>
                <label name='thread' value='0-0'/>
            </labels>
            <parameters>
                <parameter kind='argument' name='browser' value='chrome-86.0.4240.193'/>
            </parameters>
            <steps/>
            <attachments/>
        </test-case>
        <test-case start='1605842037680' status='failed' stop='1605842037706'>
            <name>Given I am on the login page</name>
            <title>Given I am on the login page</title>
            <labels>
                <label name='language' value='javascript'/>
                <label name='framework' value='wdio'/>
                <label name='thread' value='0-0'/>
            </labels>
            <parameters>
                <parameter kind='argument' name='browser' value='chrome-86.0.4240.193'/>
            </parameters>
            <steps>
                <step start='1605842037691' status='failed' stop='1605842037705'>
                    <name>GET /session/:sessionId/title</name>
                    <title>GET /session/:sessionId/title</title>
                    <attachments/>
                    <steps/>
                </step>
            </steps>
            <attachments/>
            <failure>
                <message>expected {} to equal 'For fast broadband and the best mobile phones - Vodafone NZ'</message>
                <stack-trace>AssertionError: expected {} to equal 'For fast broadband and the best mobile phones - Vodafone NZ'
                    at C:\Users\nerkarc\Documents\WDIO-App-Pom_Framework\src\step-definitions\loginStep.ts:15:20
                    at Generator.next (&lt;anonymous>)
                    at C:\Users\nerkarc\Documents\WDIO-App-Pom_Framework\src\step-definitions\loginStep.ts:8:71
                    at new Promise (&lt;anonymous>)
                    at __awaiter (C:\Users\nerkarc\Documents\WDIO-App-Pom_Framework\src\step-definitions\loginStep.ts:4:12)
                    at World.&lt;anonymous> (C:\Users\nerkarc\Documents\WDIO-App-Pom_Framework\src\step-definitions\loginStep.ts:10:46)
                    at World.executeAsync (C:\Users\nerkarc\Documents\WDIO-App-Pom_Framework\node_modules\@wdio\utils\build\shim.js:96:25)
                    at World.exports.testFrameworkFnWrapper (C:\Users\nerkarc\Documents\WDIO-App-Pom_Framework\node_modules\@wdio\utils\build\test-framework\testFnWrapper.js:18:32)</stack-trace>
            </failure>
        </test-case>
        <test-case start='1605842037714' status='passed' stop='1605842037715'>
            <name>Hook</name>
            <title>Hook</title>
            <labels>
                <label name='language' value='javascript'/>
                <label name='framework' value='wdio'/>
                <label name='thread' value='0-0'/>
            </labels>
            <parameters>
                <parameter kind='argument' name='browser' value='chrome-86.0.4240.193'/>
            </parameters>
            <steps/>
            <attachments/>
        </test-case>
    </test-cases>
</ns2:test-suite>