<?xml version='1.0'?>
<ns2:test-suite xmlns:ns2='urn:model.allure.qatools.yandex.ru' start='1605734000689' stop='1605734000751'>
    <name>Featuring login: Login with a My Vodafone  user</name>
    <title>Featuring login: Login with a My Vodafone  user</title>
    <test-cases>
        <test-case start='1605734000691' status='passed' stop='1605734000696'>
            <name>Hook</name>
            <title>Hook</title>
            <labels>
                <label name='language' value='javascript'/>
                <label name='framework' value='wdio'/>
                <label name='thread' value='0-0'/>
            </labels>
            <parameters>
                <parameter kind='argument' name='browser' value='chrome-86.0.4240.193'/>
            </parameters>
            <steps/>
            <attachments/>
        </test-case>
        <test-case start='1605734000698' status='failed' stop='1605734000737'>
            <name>Given I am on the login page</name>
            <title>Given I am on the login page</title>
            <labels>
                <label name='language' value='javascript'/>
                <label name='framework' value='wdio'/>
                <label name='thread' value='0-0'/>
            </labels>
            <parameters>
                <parameter kind='argument' name='browser' value='chrome-86.0.4240.193'/>
            </parameters>
            <steps>
                <step start='1605734000716' status='failed' stop='1605734000737'>
                    <name>GET /session/:sessionId/title</name>
                    <title>GET /session/:sessionId/title</title>
                    <attachments/>
                    <steps/>
                </step>
            </steps>
            <attachments/>
            <failure>
                <message>expected {} to equal 'Vodafone'</message>
                <stack-trace>AssertionError: expected {} to equal 'Vodafone'
                    at World.&lt;anonymous> (C:\Users\nerkarc\Documents\WDIO-App-Pom_Framework\src\step-definitions\loginStep.ts:72:33)
                    at World.executeAsync (C:\Users\nerkarc\Documents\WDIO-App-Pom_Framework\node_modules\@wdio\utils\build\shim.js:96:25)
                    at World.exports.testFrameworkFnWrapper (C:\Users\nerkarc\Documents\WDIO-App-Pom_Framework\node_modules\@wdio\utils\build\test-framework\testFnWrapper.js:18:32)</stack-trace>
            </failure>
        </test-case>
        <test-case start='1605734000739' status='broken' stop='1605734000740'>
            <name>When I Login in with My Vodafone user</name>
            <title>When I Login in with My Vodafone user</title>
            <labels>
                <label name='language' value='javascript'/>
                <label name='framework' value='wdio'/>
                <label name='thread' value='0-0'/>
            </labels>
            <parameters>
                <parameter kind='argument' name='browser' value='chrome-86.0.4240.193'/>
            </parameters>
            <steps/>
            <attachments/>
            <failure>
                <message>Step "When I Login in with My Vodafone user" is not definedYou can ignore this error by setting cucumberOpts.ignoreUndefinedDefinitions as true.</message>
                <stack-trace>undefined:undefined</stack-trace>
            </failure>
        </test-case>
        <test-case start='1605734000743' status='broken' stop='1605734000744'>
            <name>Then I shall be on My Vodafone Welcome Page</name>
            <title>Then I shall be on My Vodafone Welcome Page</title>
            <labels>
                <label name='language' value='javascript'/>
                <label name='framework' value='wdio'/>
                <label name='thread' value='0-0'/>
            </labels>
            <parameters>
                <parameter kind='argument' name='browser' value='chrome-86.0.4240.193'/>
            </parameters>
            <steps/>
            <attachments/>
            <failure>
                <message>Step "Then I shall be on My Vodafone Welcome Page" is not definedYou can ignore this error by setting cucumberOpts.ignoreUndefinedDefinitions as true.</message>
                <stack-trace>undefined:undefined</stack-trace>
            </failure>
        </test-case>
        <test-case start='1605734000745' status='passed' stop='1605734000748'>
            <name>Hook</name>
            <title>Hook</title>
            <labels>
                <label name='language' value='javascript'/>
                <label name='framework' value='wdio'/>
                <label name='thread' value='0-0'/>
            </labels>
            <parameters>
                <parameter kind='argument' name='browser' value='chrome-86.0.4240.193'/>
            </parameters>
            <steps/>
            <attachments/>
        </test-case>
    </test-cases>
</ns2:test-suite>