<?xml version='1.0'?>
<ns2:test-suite xmlns:ns2='urn:model.allure.qatools.yandex.ru' start='1605873971756' stop='1605873971825'>
    <name>Featuring login: Login with a My Vodafone  user</name>
    <title>Featuring login: Login with a My Vodafone  user</title>
    <test-cases>
        <test-case start='1605873971757' status='passed' stop='1605873971762'>
            <name>Hook</name>
            <title>Hook</title>
            <labels>
                <label name='language' value='javascript'/>
                <label name='framework' value='wdio'/>
                <label name='thread' value='0-0'/>
            </labels>
            <parameters>
                <parameter kind='argument' name='browser' value='chrome-86.0.4240.193'/>
            </parameters>
            <steps/>
            <attachments/>
        </test-case>
        <test-case start='1605873971765' status='broken' stop='1605873971768'>
            <name>Given I am on the login page</name>
            <title>Given I am on the login page</title>
            <labels>
                <label name='language' value='javascript'/>
                <label name='framework' value='wdio'/>
                <label name='thread' value='0-0'/>
            </labels>
            <parameters>
                <parameter kind='argument' name='browser' value='chrome-86.0.4240.193'/>
            </parameters>
            <steps/>
            <attachments/>
            <failure>
                <message>Step "Given I am on the login page" is not definedYou can ignore this error by setting cucumberOpts.ignoreUndefinedDefinitions as true.</message>
                <stack-trace>undefined:undefined</stack-trace>
            </failure>
        </test-case>
        <test-case start='1605873971770' status='broken' stop='1605873971771'>
            <name>When I Login in with My Vodafone "5.7pvt@grr.la" and "password"</name>
            <title>When I Login in with My Vodafone "5.7pvt@grr.la" and "password"</title>
            <labels>
                <label name='language' value='javascript'/>
                <label name='framework' value='wdio'/>
                <label name='thread' value='0-0'/>
            </labels>
            <parameters>
                <parameter kind='argument' name='browser' value='chrome-86.0.4240.193'/>
            </parameters>
            <steps/>
            <attachments/>
            <failure>
                <message>Step "When I Login in with My Vodafone "5.7pvt@grr.la" and "password"" is not definedYou can ignore this error by setting cucumberOpts.ignoreUndefinedDefinitions as true.</message>
                <stack-trace>undefined:undefined</stack-trace>
            </failure>
        </test-case>
        <test-case start='1605873971800' status='passed' stop='1605873971824'>
            <name>Hook</name>
            <title>Hook</title>
            <labels>
                <label name='language' value='javascript'/>
                <label name='framework' value='wdio'/>
                <label name='thread' value='0-0'/>
            </labels>
            <parameters>
                <parameter kind='argument' name='browser' value='chrome-86.0.4240.193'/>
            </parameters>
            <steps/>
            <attachments/>
        </test-case>
    </test-cases>
</ns2:test-suite>